<?xml version="1.0" encoding="UTF-8"?>
<!-- Generated by org.testng.reporters.JUnitReportReporter -->
<testsuite skipped="0" hostname="Vimal" name="Maven_Demo.Maven_Demo.App" tests="1" failures="0" timestamp="11 Nov 2017 04:54:36 GMT" time="0.031" errors="0">
  <testcase name="main" time="0.031" classname="Maven_Demo.Maven_Demo.App"/>
</testsuite> <!-- Maven_Demo.Maven_Demo.App -->
